[debug] [2026-02-01T05:15:32.496Z] ----------------------------------------------------------------------
[debug] [2026-02-01T05:15:32.499Z] Command:       C:\Program Files\nodejs\node.exe C:\Users\jesui\AppData\Roaming\npm\node_modules\firebase-tools\lib\bin\firebase.js deploy
[debug] [2026-02-01T05:15:32.499Z] CLI Version:   14.16.0
[debug] [2026-02-01T05:15:32.499Z] Platform:      win32
[debug] [2026-02-01T05:15:32.500Z] Node Version:  v22.18.0
[debug] [2026-02-01T05:15:32.500Z] Time:          Sun Feb 01 2026 14:15:32 GMT+0900 (日本標準時)
[debug] [2026-02-01T05:15:32.501Z] ----------------------------------------------------------------------
[debug] 
[debug] [2026-02-01T05:15:32.924Z] > command requires scopes: ["email","openid","https://www.googleapis.com/auth/cloudplatformprojects.readonly","https://www.googleapis.com/auth/firebase","https://www.googleapis.com/auth/cloud-platform"]
[debug] [2026-02-01T05:15:32.925Z] > authorizing via signed-in user (jesuis03@gmail.com)
[debug] [2026-02-01T05:15:32.925Z] [iam] checking project shinise-master-2026-e4a9e for permissions ["datastore.indexes.create","datastore.indexes.delete","datastore.indexes.list","datastore.indexes.update","firebase.projects.get","firebasehosting.sites.update"]
[debug] [2026-02-01T05:15:32.927Z] Checked if tokens are valid: false, expires at: 1769917432881
[debug] [2026-02-01T05:15:32.928Z] Checked if tokens are valid: false, expires at: 1769917432881
[debug] [2026-02-01T05:15:32.928Z] > refreshing access token with scopes: []
[debug] [2026-02-01T05:15:32.931Z] >>> [apiv2][query] POST https://www.googleapis.com/oauth2/v3/token [none]
[debug] [2026-02-01T05:15:32.931Z] >>> [apiv2][body] POST https://www.googleapis.com/oauth2/v3/token [omitted]
[debug] [2026-02-01T05:15:33.191Z] <<< [apiv2][status] POST https://www.googleapis.com/oauth2/v3/token 200
[debug] [2026-02-01T05:15:33.191Z] <<< [apiv2][body] POST https://www.googleapis.com/oauth2/v3/token [omitted]
[debug] [2026-02-01T05:15:33.203Z] >>> [apiv2][query] POST https://cloudresourcemanager.googleapis.com/v1/projects/shinise-master-2026-e4a9e:testIamPermissions [none]
[debug] [2026-02-01T05:15:33.203Z] >>> [apiv2][(partial)header] POST https://cloudresourcemanager.googleapis.com/v1/projects/shinise-master-2026-e4a9e:testIamPermissions x-goog-quota-user=projects/shinise-master-2026-e4a9e
[debug] [2026-02-01T05:15:33.203Z] >>> [apiv2][body] POST https://cloudresourcemanager.googleapis.com/v1/projects/shinise-master-2026-e4a9e:testIamPermissions {"permissions":["datastore.indexes.create","datastore.indexes.delete","datastore.indexes.list","datastore.indexes.update","firebase.projects.get","firebasehosting.sites.update"]}
[debug] [2026-02-01T05:15:33.835Z] <<< [apiv2][status] POST https://cloudresourcemanager.googleapis.com/v1/projects/shinise-master-2026-e4a9e:testIamPermissions 200
[debug] [2026-02-01T05:15:33.835Z] <<< [apiv2][body] POST https://cloudresourcemanager.googleapis.com/v1/projects/shinise-master-2026-e4a9e:testIamPermissions {"permissions":["datastore.indexes.create","datastore.indexes.delete","datastore.indexes.list","datastore.indexes.update","firebase.projects.get","firebasehosting.sites.update"]}
[debug] [2026-02-01T05:15:33.836Z] Checked if tokens are valid: true, expires at: 1769926532191
[debug] [2026-02-01T05:15:33.836Z] Checked if tokens are valid: true, expires at: 1769926532191
[debug] [2026-02-01T05:15:33.837Z] >>> [apiv2][query] GET https://firebase.googleapis.com/v1beta1/projects/shinise-master-2026-e4a9e [none]
[debug] [2026-02-01T05:15:36.178Z] <<< [apiv2][status] GET https://firebase.googleapis.com/v1beta1/projects/shinise-master-2026-e4a9e 200
[debug] [2026-02-01T05:15:36.178Z] <<< [apiv2][body] GET https://firebase.googleapis.com/v1beta1/projects/shinise-master-2026-e4a9e {"projectId":"shinise-master-2026-e4a9e","projectNumber":"409553907130","displayName":"shinise-master-2026","name":"projects/shinise-master-2026-e4a9e","resources":{"hostingSite":"shinise-master-2026-e4a9e"},"state":"ACTIVE","etag":"1_b03d7bbc-157c-4c48-b42c-f16c9c50446a"}
[debug] [2026-02-01T05:15:39.348Z] defaultcredentials: writing to file C:\Users\jesui\AppData\Roaming\firebase\jesuis03_gmail_com_application_default_credentials.json
[debug] [2026-02-01T05:15:39.351Z] Checked if tokens are valid: true, expires at: 1769926532191
[debug] [2026-02-01T05:15:39.351Z] Checked if tokens are valid: true, expires at: 1769926532191
[debug] [2026-02-01T05:15:39.351Z] >>> [apiv2][query] GET https://firebasehosting.googleapis.com/v1beta1/projects/shinise-master-2026-e4a9e/sites pageToken=&pageSize=10
[debug] [2026-02-01T05:15:40.364Z] <<< [apiv2][status] GET https://firebasehosting.googleapis.com/v1beta1/projects/shinise-master-2026-e4a9e/sites 200
[debug] [2026-02-01T05:15:40.364Z] <<< [apiv2][body] GET https://firebasehosting.googleapis.com/v1beta1/projects/shinise-master-2026-e4a9e/sites {"sites":[{"name":"projects/shinise-master-2026-e4a9e/sites/shinise-master-2026-e4a9e","defaultUrl":"https://shinise-master-2026-e4a9e.web.app","appId":"1:409553907130:web:7beb21fe6616976c520183","type":"DEFAULT_SITE"}]}
[debug] [2026-02-01T05:15:40.364Z] Checked if tokens are valid: true, expires at: 1769926532191
[debug] [2026-02-01T05:15:40.364Z] Checked if tokens are valid: true, expires at: 1769926532191
[debug] [2026-02-01T05:15:40.364Z] >>> [apiv2][query] GET https://firebase.googleapis.com/v1beta1/projects/-/webApps/1:409553907130:web:7beb21fe6616976c520183/config [none]
[debug] [2026-02-01T05:15:41.114Z] <<< [apiv2][status] GET https://firebase.googleapis.com/v1beta1/projects/-/webApps/1:409553907130:web:7beb21fe6616976c520183/config 200
[debug] [2026-02-01T05:15:41.114Z] <<< [apiv2][body] GET https://firebase.googleapis.com/v1beta1/projects/-/webApps/1:409553907130:web:7beb21fe6616976c520183/config {"projectId":"shinise-master-2026-e4a9e","appId":"1:409553907130:web:7beb21fe6616976c520183","storageBucket":"shinise-master-2026-e4a9e.firebasestorage.app","apiKey":"AIzaSyAc51ptc8LEpfOZt5ZHkRlnQGIJZHo3-_c","authDomain":"shinise-master-2026-e4a9e.firebaseapp.com","messagingSenderId":"409553907130","projectNumber":"409553907130","version":"2"}
[info] 
   Thank you for trying our early preview of Next.js support on Firebase Hosting.
   During the preview, support is best-effort and breaking changes can be expected. Proceed with caution.
   The integration is known to work with Next.js version 12 - 15.0. You may encounter errors.

   Documentation: https://firebase.google.com/docs/hosting/frameworks/nextjs
   File a bug: https://github.com/firebase/firebase-tools/issues/new?template=bug_report.md
   Submit a feature request: https://github.com/firebase/firebase-tools/issues/new?template=feature_request.md

   We'd love to learn from you. Express your interest in helping us shape the future of Firebase Hosting: https://goo.gle/41enW5X

[debug] [2026-02-01T05:15:46.786Z] Checked if tokens are valid: true, expires at: 1769926532191
[debug] [2026-02-01T05:15:46.786Z] Checked if tokens are valid: true, expires at: 1769926532191
[debug] [2026-02-01T05:15:46.786Z] >>> [apiv2][query] GET https://firebasehosting.googleapis.com/v1beta1/projects/shinise-master-2026-e4a9e/sites/shinise-master-2026-e4a9e [none]
[debug] [2026-02-01T05:15:47.748Z] <<< [apiv2][status] GET https://firebasehosting.googleapis.com/v1beta1/projects/shinise-master-2026-e4a9e/sites/shinise-master-2026-e4a9e 200
[debug] [2026-02-01T05:15:47.748Z] <<< [apiv2][body] GET https://firebasehosting.googleapis.com/v1beta1/projects/shinise-master-2026-e4a9e/sites/shinise-master-2026-e4a9e {"name":"projects/shinise-master-2026-e4a9e/sites/shinise-master-2026-e4a9e","defaultUrl":"https://shinise-master-2026-e4a9e.web.app","appId":"1:409553907130:web:7beb21fe6616976c520183","type":"DEFAULT_SITE"}
[info] [baseline-browser-mapping] The data in this module is over two months old.  To ensure accurate Baseline data, please update: `npm i baseline-browser-mapping@latest -D`

[info]  ⨯ Unable to acquire lock at C:\Users\jesui\Hackathon\Shinise_Master\.next\lock, is another instance of next build running?

[info]    Suggestion: If you intended to restart next build, terminate the other process, and then try again.

[debug] [2026-02-01T05:15:50.340Z] Error: ENOENT: no such file or directory, open 'C:\Users\jesui\Hackathon\Shinise_Master\.next\export-marker.json'
[error] 
[error] Error: An unexpected error has occurred.
[debug] [2026-02-01T05:16:06.096Z] ----------------------------------------------------------------------
[debug] [2026-02-01T05:16:06.099Z] Command:       C:\Program Files\nodejs\node.exe C:\Users\jesui\AppData\Roaming\npm\node_modules\firebase-tools\lib\bin\firebase.js deploy --debug
[debug] [2026-02-01T05:16:06.099Z] CLI Version:   14.16.0
[debug] [2026-02-01T05:16:06.099Z] Platform:      win32
[debug] [2026-02-01T05:16:06.099Z] Node Version:  v22.18.0
[debug] [2026-02-01T05:16:06.100Z] Time:          Sun Feb 01 2026 14:16:06 GMT+0900 (日本標準時)
[debug] [2026-02-01T05:16:06.100Z] ----------------------------------------------------------------------
[debug] 
[debug] [2026-02-01T05:16:06.291Z] > command requires scopes: ["email","openid","https://www.googleapis.com/auth/cloudplatformprojects.readonly","https://www.googleapis.com/auth/firebase","https://www.googleapis.com/auth/cloud-platform"]
[debug] [2026-02-01T05:16:06.292Z] > authorizing via signed-in user (jesuis03@gmail.com)
[debug] [2026-02-01T05:16:06.293Z] [iam] checking project shinise-master-2026-e4a9e for permissions ["datastore.indexes.create","datastore.indexes.delete","datastore.indexes.list","datastore.indexes.update","firebase.projects.get","firebasehosting.sites.update"]
[debug] [2026-02-01T05:16:06.294Z] Checked if tokens are valid: true, expires at: 1769926532191
[debug] [2026-02-01T05:16:06.294Z] Checked if tokens are valid: true, expires at: 1769926532191
[debug] [2026-02-01T05:16:06.295Z] >>> [apiv2][query] POST https://cloudresourcemanager.googleapis.com/v1/projects/shinise-master-2026-e4a9e:testIamPermissions [none]
[debug] [2026-02-01T05:16:06.296Z] >>> [apiv2][(partial)header] POST https://cloudresourcemanager.googleapis.com/v1/projects/shinise-master-2026-e4a9e:testIamPermissions x-goog-quota-user=projects/shinise-master-2026-e4a9e
[debug] [2026-02-01T05:16:06.296Z] >>> [apiv2][body] POST https://cloudresourcemanager.googleapis.com/v1/projects/shinise-master-2026-e4a9e:testIamPermissions {"permissions":["datastore.indexes.create","datastore.indexes.delete","datastore.indexes.list","datastore.indexes.update","firebase.projects.get","firebasehosting.sites.update"]}
[debug] [2026-02-01T05:16:06.501Z] <<< [apiv2][status] POST https://cloudresourcemanager.googleapis.com/v1/projects/shinise-master-2026-e4a9e:testIamPermissions 200
[debug] [2026-02-01T05:16:06.501Z] <<< [apiv2][body] POST https://cloudresourcemanager.googleapis.com/v1/projects/shinise-master-2026-e4a9e:testIamPermissions {"permissions":["datastore.indexes.create","datastore.indexes.delete","datastore.indexes.list","datastore.indexes.update","firebase.projects.get","firebasehosting.sites.update"]}
[debug] [2026-02-01T05:16:06.502Z] Checked if tokens are valid: true, expires at: 1769926532191
[debug] [2026-02-01T05:16:06.502Z] Checked if tokens are valid: true, expires at: 1769926532191
[debug] [2026-02-01T05:16:06.503Z] >>> [apiv2][query] GET https://firebase.googleapis.com/v1beta1/projects/shinise-master-2026-e4a9e [none]
[debug] [2026-02-01T05:16:06.805Z] <<< [apiv2][status] GET https://firebase.googleapis.com/v1beta1/projects/shinise-master-2026-e4a9e 200
[debug] [2026-02-01T05:16:06.805Z] <<< [apiv2][body] GET https://firebase.googleapis.com/v1beta1/projects/shinise-master-2026-e4a9e {"projectId":"shinise-master-2026-e4a9e","projectNumber":"409553907130","displayName":"shinise-master-2026","name":"projects/shinise-master-2026-e4a9e","resources":{"hostingSite":"shinise-master-2026-e4a9e"},"state":"ACTIVE","etag":"1_b03d7bbc-157c-4c48-b42c-f16c9c50446a"}
[debug] [2026-02-01T05:16:08.742Z] defaultcredentials: writing to file C:\Users\jesui\AppData\Roaming\firebase\jesuis03_gmail_com_application_default_credentials.json
[debug] [2026-02-01T05:16:08.747Z] Checked if tokens are valid: true, expires at: 1769926532191
[debug] [2026-02-01T05:16:08.748Z] Checked if tokens are valid: true, expires at: 1769926532191
[debug] [2026-02-01T05:16:08.748Z] >>> [apiv2][query] GET https://firebasehosting.googleapis.com/v1beta1/projects/shinise-master-2026-e4a9e/sites pageToken=&pageSize=10
[debug] [2026-02-01T05:16:09.699Z] <<< [apiv2][status] GET https://firebasehosting.googleapis.com/v1beta1/projects/shinise-master-2026-e4a9e/sites 200
[debug] [2026-02-01T05:16:09.699Z] <<< [apiv2][body] GET https://firebasehosting.googleapis.com/v1beta1/projects/shinise-master-2026-e4a9e/sites {"sites":[{"name":"projects/shinise-master-2026-e4a9e/sites/shinise-master-2026-e4a9e","defaultUrl":"https://shinise-master-2026-e4a9e.web.app","appId":"1:409553907130:web:7beb21fe6616976c520183","type":"DEFAULT_SITE"}]}
[debug] [2026-02-01T05:16:09.700Z] Checked if tokens are valid: true, expires at: 1769926532191
[debug] [2026-02-01T05:16:09.700Z] Checked if tokens are valid: true, expires at: 1769926532191
[debug] [2026-02-01T05:16:09.700Z] >>> [apiv2][query] GET https://firebase.googleapis.com/v1beta1/projects/-/webApps/1:409553907130:web:7beb21fe6616976c520183/config [none]
[debug] [2026-02-01T05:16:10.204Z] <<< [apiv2][status] GET https://firebase.googleapis.com/v1beta1/projects/-/webApps/1:409553907130:web:7beb21fe6616976c520183/config 200
[debug] [2026-02-01T05:16:10.204Z] <<< [apiv2][body] GET https://firebase.googleapis.com/v1beta1/projects/-/webApps/1:409553907130:web:7beb21fe6616976c520183/config {"projectId":"shinise-master-2026-e4a9e","appId":"1:409553907130:web:7beb21fe6616976c520183","storageBucket":"shinise-master-2026-e4a9e.firebasestorage.app","apiKey":"AIzaSyAc51ptc8LEpfOZt5ZHkRlnQGIJZHo3-_c","authDomain":"shinise-master-2026-e4a9e.firebaseapp.com","messagingSenderId":"409553907130","projectNumber":"409553907130","version":"2"}
[info] 
   Thank you for trying our early preview of Next.js support on Firebase Hosting.
   During the preview, support is best-effort and breaking changes can be expected. Proceed with caution.
   The integration is known to work with Next.js version 12 - 15.0. You may encounter errors.

   Documentation: https://firebase.google.com/docs/hosting/frameworks/nextjs
   File a bug: https://github.com/firebase/firebase-tools/issues/new?template=bug_report.md
   Submit a feature request: https://github.com/firebase/firebase-tools/issues/new?template=feature_request.md

   We'd love to learn from you. Express your interest in helping us shape the future of Firebase Hosting: https://goo.gle/41enW5X

[debug] [2026-02-01T05:16:14.523Z] Checked if tokens are valid: true, expires at: 1769926532191
[debug] [2026-02-01T05:16:14.523Z] Checked if tokens are valid: true, expires at: 1769926532191
[debug] [2026-02-01T05:16:14.523Z] >>> [apiv2][query] GET https://firebasehosting.googleapis.com/v1beta1/projects/shinise-master-2026-e4a9e/sites/shinise-master-2026-e4a9e [none]
[debug] [2026-02-01T05:16:14.750Z] <<< [apiv2][status] GET https://firebasehosting.googleapis.com/v1beta1/projects/shinise-master-2026-e4a9e/sites/shinise-master-2026-e4a9e 200
[debug] [2026-02-01T05:16:14.750Z] <<< [apiv2][body] GET https://firebasehosting.googleapis.com/v1beta1/projects/shinise-master-2026-e4a9e/sites/shinise-master-2026-e4a9e {"name":"projects/shinise-master-2026-e4a9e/sites/shinise-master-2026-e4a9e","defaultUrl":"https://shinise-master-2026-e4a9e.web.app","appId":"1:409553907130:web:7beb21fe6616976c520183","type":"DEFAULT_SITE"}
[info] [baseline-browser-mapping] The data in this module is over two months old.  To ensure accurate Baseline data, please update: `npm i baseline-browser-mapping@latest -D`

[info]    ▲ Next.js 16.0.10 (Turbopack)
   - Environments: .env.local, .env.production

[info] 

[info]    Creating an optimized production build ...

[info] [baseline-browser-mapping] The data in this module is over two months old.  To ensure accurate Baseline data, please update: `npm i baseline-browser-mapping@latest -D`

[info] 
[207.75ms] [@tailwindcss/postcss] src\app\globals.css

[info] [  0.08ms]   ↳ Quick bail check
[ 33.22ms]   ↳ Setup compiler
[  0.38ms]     ↳ PostCSS AST -> Tailwind CSS AST
[ 32.81ms]     ↳ Create compiler
[  0.20ms]   ↳ Register full rebuild paths
[ 10.56ms]   ↳ Setup scanner
[ 25.68ms]   ↳ Scan for candidates
[ 50.51ms]   ↳ Register dependency messages
[ 36.39ms]   ↳ Build utilities
[ 46.10ms]   ↳ Optimization
[  0.68ms]     ↳ AST -> CSS
[ 34.30ms]     ↳ Lightning CSS
[ 11.06ms]     ↳ CSS -> PostCSS AST
[  4.45ms]   ↳ Update PostCSS AST


